2021-11-22 22:08:17,537  INFO [main] BigSmall:36 - Url has been hitted
2021-11-22 22:08:25,390  INFO [main] BigSmall:98 -  entered
2021-11-22 22:08:25,521  INFO [main] BigSmall:101 -  entered
2021-11-22 22:08:36,309  INFO [main] BigSmall:98 - simon@123 entered
2021-11-22 22:08:36,461  INFO [main] BigSmall:101 - abcd entered
2021-11-22 22:08:46,100  INFO [main] BigSmall:98 - JackNJill@gmail.com entered
2021-11-22 22:08:46,266  INFO [main] BigSmall:101 - JackNJill@123 entered
2021-11-22 22:08:46,797  INFO [main] BigSmall:31 - going to click on Pggggg
2021-11-22 22:09:09,184  INFO [main] BigSmall:60 - Products has been Displayed
2021-11-22 22:09:29,104  INFO [main] BigSmall:78 - Returned to the Cart
2021-11-22 22:09:43,978  INFO [main] BigSmall:51 - Product has been added to the Wishlist
2021-11-22 22:09:53,475  INFO [main] BigSmall:47 - Title under All Of It is verified
2021-11-22 22:09:56,736  INFO [main] BigSmall:37 - Going to close the popup
2021-11-22 22:10:00,822  INFO [main] BigSmall:41 - closed the pop up
2021-11-22 22:10:00,872  INFO [main] BigSmall:49 - Product is present over there in WishList
2021-11-22 22:10:01,268  INFO [main] BigSmall:31 - Going to click on About us
2021-11-22 22:10:03,134  INFO [main] BigSmall:33 - cliclked on about us
2021-11-22 22:10:03,337  INFO [main] BigSmall:42 - Entered in About Us page
2021-11-22 22:10:11,137  INFO [main] BigSmall:47 - Gift Card has been added to the cart
2021-11-22 22:10:22,690  INFO [main] BigSmall:43 - Ttile Verfied and Data has been sent successfully
