2021-11-22 22:14:04,730  INFO [main] BigSmall:36 - Url has been hitted
2021-11-22 22:14:14,348  INFO [main] BigSmall:98 -  entered
2021-11-22 22:14:14,791  INFO [main] BigSmall:101 -  entered
2021-11-22 22:14:26,205  INFO [main] BigSmall:98 - simon@123 entered
2021-11-22 22:14:26,314  INFO [main] BigSmall:101 - abcd entered
2021-11-22 22:14:33,748  INFO [main] BigSmall:98 - JackNJill@gmail.com entered
2021-11-22 22:14:33,877  INFO [main] BigSmall:101 - JackNJill@123 entered
2021-11-22 22:14:35,217  INFO [main] BigSmall:31 - going to click on Pggggg
2021-11-22 22:14:57,512  INFO [main] BigSmall:60 - Products has been Displayed
2021-11-22 22:15:19,243  INFO [main] BigSmall:78 - Returned to the Cart
2021-11-22 22:15:32,243  INFO [main] BigSmall:51 - Product has been added to the Wishlist
2021-11-22 22:15:42,527  INFO [main] BigSmall:47 - Title under All Of It is verified
2021-11-22 22:15:46,480  INFO [main] BigSmall:37 - Going to close the popup
2021-11-22 22:15:50,642  INFO [main] BigSmall:41 - closed the pop up
2021-11-22 22:15:50,739  INFO [main] BigSmall:49 - Product is present over there in WishList
2021-11-22 22:15:51,158  INFO [main] BigSmall:31 - Going to click on About us
2021-11-22 22:15:53,647  INFO [main] BigSmall:33 - cliclked on about us
2021-11-22 22:15:53,817  INFO [main] BigSmall:42 - Entered in About Us page
2021-11-22 22:16:02,801  INFO [main] BigSmall:47 - Gift Card has been added to the cart
2021-11-22 22:16:14,826  INFO [main] BigSmall:43 - Ttile Verfied and Data has been sent successfully
