2021-11-19 16:35:10,755  INFO [main] BigSmall:36 - Url has been hitted
2021-11-19 16:35:18,935  INFO [main] BigSmall:98 -  entered
2021-11-19 16:35:19,063  INFO [main] BigSmall:101 -  entered
2021-11-19 16:35:30,622  INFO [main] BigSmall:98 - simon@123 entered
2021-11-19 16:35:30,751  INFO [main] BigSmall:101 - abcd entered
2021-11-19 16:35:40,290  INFO [main] BigSmall:98 - JackNJill@gmail.com entered
2021-11-19 16:35:40,424  INFO [main] BigSmall:101 - JackNJill@123 entered
2021-11-19 16:35:40,817  INFO [main] BigSmall:31 - going to click on Pggggg
2021-11-19 16:36:03,754  INFO [main] BigSmall:60 - Products has been Displayed
2021-11-19 16:36:27,977  INFO [main] BigSmall:78 - Returned to the Cart
2021-11-19 16:36:44,055  INFO [main] BigSmall:51 - Product has been added to the Wishlist
2021-11-19 16:36:55,720  INFO [main] BigSmall:47 - Title under All Of It is verified
2021-11-19 16:36:59,492  INFO [main] BigSmall:37 - Going to close the popup
2021-11-19 16:37:03,576  INFO [main] BigSmall:41 - closed the pop up
2021-11-19 16:37:03,629  INFO [main] BigSmall:49 - Product is present over there in WishList
2021-11-19 16:37:04,064  INFO [main] BigSmall:31 - Going to click on About us
2021-11-19 16:37:06,218  INFO [main] BigSmall:33 - cliclked on about us
2021-11-19 16:37:06,350  INFO [main] BigSmall:42 - Entered in About Us page
2021-11-19 16:37:14,013  INFO [main] BigSmall:47 - Gift Card has been added to the cart
2021-11-19 16:37:25,081  INFO [main] BigSmall:43 - Ttile Verfied and Data has been sent successfully
