2021-11-22 22:02:50,204  INFO [main] BigSmall:36 - Url has been hitted
2021-11-22 22:02:59,518  INFO [main] BigSmall:98 -  entered
2021-11-22 22:02:59,611  INFO [main] BigSmall:101 -  entered
2021-11-22 22:03:10,047  INFO [main] BigSmall:98 - simon@123 entered
2021-11-22 22:03:10,149  INFO [main] BigSmall:101 - abcd entered
2021-11-22 22:03:17,254  INFO [main] BigSmall:98 - JackNJill@gmail.com entered
2021-11-22 22:03:17,403  INFO [main] BigSmall:101 - JackNJill@123 entered
2021-11-22 22:03:17,968  INFO [main] BigSmall:31 - going to click on Pggggg
2021-11-22 22:03:33,677  INFO [main] BigSmall:56 - Successfully sorted the Price from High to low
2021-11-22 22:03:41,661  INFO [main] BigSmall:60 - Products has been Displayed
2021-11-22 22:04:01,748  INFO [main] BigSmall:78 - Returned to the Cart
2021-11-22 22:04:15,187  INFO [main] BigSmall:51 - Product has been added to the Wishlist
2021-11-22 22:04:25,003  INFO [main] BigSmall:47 - Title under All Of It is verified
2021-11-22 22:04:28,916  INFO [main] BigSmall:37 - Going to close the popup
2021-11-22 22:04:33,002  INFO [main] BigSmall:41 - closed the pop up
2021-11-22 22:04:33,047  INFO [main] BigSmall:49 - Product is present over there in WishList
2021-11-22 22:04:33,394  INFO [main] BigSmall:31 - Going to click on About us
2021-11-22 22:04:35,225  INFO [main] BigSmall:33 - cliclked on about us
2021-11-22 22:04:35,453  INFO [main] BigSmall:42 - Entered in About Us page
2021-11-22 22:04:43,363  INFO [main] BigSmall:47 - Gift Card has been added to the cart
